DEBUG:root:LOG DEBUG
INFO:root:LOG INFO
WARNING:root:LOG WARNING
ERROR:root:LOG ERROR
CRITICAL:root:LOG CRITICAL
DEBUG - LOG DEBUG
INFO - LOG INFO
WARNING - LOG WARNING
ERROR - LOG ERROR
CRITICAL - LOG CRITICAL
2023-01-24 23:40:07,896 - DEBUG - LOG DEBUG
2023-01-24 23:40:07,896 - INFO - LOG INFO
2023-01-24 23:40:07,896 - WARNING - LOG WARNING
2023-01-24 23:40:07,896 - ERROR - LOG ERROR
2023-01-24 23:40:07,896 - CRITICAL - LOG CRITICAL
2023-01-24,23:43:59 - DEBUG - LOG DEBUG
2023-01-24,23:43:59 - INFO - LOG INFO
2023-01-24,23:43:59 - WARNING - LOG WARNING
2023-01-24,23:43:59 - ERROR - LOG ERROR
2023-01-24,23:43:59 - CRITICAL - LOG CRITICAL
2023-01-24 23:44:11 - DEBUG - LOG DEBUG
2023-01-24 23:44:11 - INFO - LOG INFO
2023-01-24 23:44:11 - WARNING - LOG WARNING
2023-01-24 23:44:11 - ERROR - LOG ERROR
2023-01-24 23:44:11 - CRITICAL - LOG CRITICAL
2023-01-24 23:49:45 - ERROR - LOG ERROR gatovsky triggered
2023-01-24 23:49:45 - DEBUG - LOG DEBUG
2023-01-24 23:49:45 - INFO - LOG INFO
2023-01-24 23:49:45 - WARNING - LOG WARNING
2023-01-24 23:49:45 - ERROR - LOG ERROR
2023-01-24 23:49:45 - CRITICAL - LOG CRITICAL
2023-01-24 23:52:27 - ERROR - division by 0
Traceback (most recent call last):
  File "/home/gatovsky/cursos/python/logging_lib/logs.py", line 11, in main
    div = 2 / 0
          ~~^~~
ZeroDivisionError: division by zero
2023-01-24 23:52:27 - ERROR - LOG ERROR gatovsky triggered
2023-01-24 23:52:27 - DEBUG - LOG DEBUG
2023-01-24 23:52:27 - INFO - LOG INFO
2023-01-24 23:52:27 - WARNING - LOG WARNING
2023-01-24 23:52:27 - ERROR - LOG ERROR
2023-01-24 23:52:27 - CRITICAL - LOG CRITICAL
2023-01-25 00:03:46 - ERROR - division by 0
Traceback (most recent call last):
  File "/home/gatovsky/cursos/python/logging_lib/logs.py", line 12, in main
    div = 2 / 0
          ~~^~~
ZeroDivisionError: division by zero
2023-01-25 00:03:46 - ERROR - LOG ERROR gatovsky triggered
2023-01-25 00:03:46 - DEBUG - LOG DEBUG
2023-01-25 00:03:46 - INFO - LOG INFO
2023-01-25 00:03:46 - WARNING - LOG WARNING
2023-01-25 00:03:46 - ERROR - LOG ERROR
2023-01-25 00:03:46 - CRITICAL - LOG CRITICAL
